#
# A fatal error has been detected by the Java Runtime Environment:
#
#  SIGSEGV (0xb) at pc=0x000000011a7624bb, pid=1336, tid=4867
#
# JRE version: Java(TM) SE Runtime Environment (8.0_51-b16) (build 1.8.0_51-b16)
# Java VM: Java HotSpot(TM) 64-Bit Server VM (25.51-b03 mixed mode bsd-amd64 compressed oops)
# Problematic frame:
# C  [AppleIntelHD5000GraphicsGLDriver+0x504bb]  _ZN3USC12ISAScheduler8CDagNode11AddToBundleEPNS0_9CInstInfoENS0_10BundleTypeE+0x59
#
# Failed to write core dump. Core dumps have been disabled. To enable core dumping, try "ulimit -c unlimited" before starting Java again
#
# If you would like to submit a bug report, please visit:
#   http://bugreport.java.com/bugreport/crash.jsp
#

---------------  T H R E A D  ---------------

Current thread is native thread

siginfo: si_signo: 11 (SIGSEGV), si_code: 1 (SEGV_MAPERR), si_addr: 0x00000000000000a0

Registers:
RAX=0x00007f816ad91710, RBX=0x00007f816ad91670, RCX=0x0000000000000900, RDX=0x0000000000000000
RSP=0x0000700000116370, RBP=0x00007000001163b0, RSI=0x0000000000000000, RDI=0x00007f816ad91670
R8 =0x000000000000000c, R9 =0x00000000fff00000, R10=0x0000000000000009, R11=0x00007f816ad00000
R12=0x0000000000000000, R13=0x0000000000000187, R14=0x00007f816ad91670, R15=0x00007f816ca68c00
RIP=0x000000011a7624bb, EFLAGS=0x0000000000010246, ERR=0x0000000000000006
  TRAPNO=0x000000000000000e

Top of Stack: (sp=0x0000700000116370)
0x0000700000116370:   00007f816ad91670 00007f816ad91670
0x0000700000116380:   0000000000000000 00007f816ad91670
0x0000700000116390:   0000000000000165 0000000000000187
0x00007000001163a0:   0000000000000000 00007f816ca68c00
0x00007000001163b0:   00007000001163f0 000000011aa1a0bd
0x00007000001163c0:   0000000000000001 00007f816ad91670
0x00007000001163d0:   0000000000000000 00007f816ca68c00
0x00007000001163e0:   0000700000116484 0000700000116478
0x00007000001163f0:   0000700000116430 000000011a762286
0x0000700000116400:   0000000000000164 0000700000116478
0x0000700000116410:   0000000000000001 0000000000000101
0x0000700000116420:   00007f816ca68c00 0000000000000187
0x0000700000116430:   00007000001164e0 000000011a75faf4
0x0000700000116440:   000000050000000e 0000000a0000000a
0x0000700000116450:   0000000900000000 00007f8100000000
0x0000700000116460:   00007f816ca68c48 0000000000000187
0x0000700000116470:   00007f816ca68c00 0000000000000000
0x0000700000116480:   00000165001164b0 00007f816ad6ada0
0x0000700000116490:   000000050000000e 0000000a0000000a
0x00007000001164a0:   0000000900000000 00007f8100000000
0x00007000001164b0:   00007000001164e0 00007f816afd8200
0x00007000001164c0:   00007f816d5a5400 00007f816d5a54b8
0x00007000001164d0:   0000000000000000 00007f816ac6bfb0
0x00007000001164e0:   00007000001165a0 000000011a75f65a
0x00007000001164f0:   00007f816d700a80 00007f816b3ea400
0x0000700000116500:   00007f816ac6bfb0 00007f816d5a5408
0x0000700000116510:   00007f816d5a54b8 00007f816d5a54b0
0x0000700000116520:   0000000800116540 0000000000000187
0x0000700000116530:   0000000000000187 000000016d5a5400
0x0000700000116540:   00007f816b2d6208 00007f816d5a54d8
0x0000700000116550:   00007f816b3ebc70 00007f816b3ebc70
0x0000700000116560:   00007f816d5a5400 000000016b2d6000 

Instructions: (pc=0x000000011a7624bb)
0x000000011a76249b:   04 00 00 00 84 c9 0f 84 b7 02 00 00 ff c3 41 8b
0x000000011a7624ab:   46 38 39 c3 0f 42 d8 41 89 5e 38 eb 03 4d 89 26
0x000000011a7624bb:   41 ff 84 24 a0 00 00 00 49 8b 86 c8 00 00 00 48
0x000000011a7624cb:   8b 70 08 bf 08 00 00 00 83 7e 0c 0b 0f 8c d5 01 

Register to memory mapping:

RAX=0x00007f816ad91710 is an unknown value
RBX=0x00007f816ad91670 is an unknown value
RCX=0x0000000000000900 is an unknown value
RDX=0x0000000000000000 is an unknown value
RSP=0x0000700000116370 is an unknown value
RBP=0x00007000001163b0 is an unknown value
RSI=0x0000000000000000 is an unknown value
RDI=0x00007f816ad91670 is an unknown value
R8 =0x000000000000000c is an unknown value
R9 =0x00000000fff00000 is an unknown value
R10=0x0000000000000009 is an unknown value
R11=0x00007f816ad00000 is an unknown value
R12=0x0000000000000000 is an unknown value
R13=0x0000000000000187 is an unknown value
R14=0x00007f816ad91670 is an unknown value
R15=0x00007f816ca68c00 is an unknown value


Stack: [0x0000700000097000,0x0000700000117000],  sp=0x0000700000116370,  free space=508k
Native frames: (J=compiled Java code, j=interpreted, Vv=VM code, C=native code)
C  [AppleIntelHD5000GraphicsGLDriver+0x504bb]  _ZN3USC12ISAScheduler8CDagNode11AddToBundleEPNS0_9CInstInfoENS0_10BundleTypeE+0x59
C  [AppleIntelHD5000GraphicsGLDriver+0x3080bd]  _ZN3USC12ISAScheduler8CDagNode6CreateEjPNS0_9CInstInfoERNS0_14CDependenceDAGE+0x51
C  [AppleIntelHD5000GraphicsGLDriver+0x50286]  _ZN3USC12ISAScheduler14CDependenceDAG6BundleERjRPNS0_8CDagNodeE+0x46
C  [AppleIntelHD5000GraphicsGLDriver+0x4daf4]  _ZN3USC12ISAScheduler14CDependenceDAG5BuildEv+0x220
C  [AppleIntelHD5000GraphicsGLDriver+0x4d65a]  _ZN3USC12ISAScheduler10CScheduler8ScheduleEPKv+0x340
C  [AppleIntelHD5000GraphicsGLDriver+0x4d016]  _ZN3USC25CGen4CodeGeneratorContext15LocalSchedulingEPKNS_7CShaderEPj+0x88
C  [AppleIntelHD5000GraphicsGLDriver+0x15fb2f]  _ZN3USC29CGen6PixelShaderKernelProgram9Compile16Ebbb+0x319
C  [AppleIntelHD5000GraphicsGLDriver+0x22f2c]  _ZN3USC29CGen6PixelShaderKernelProgram5BuildEv+0x224
C  [AppleIntelHD5000GraphicsGLDriver+0x2227a]  _ZN3USC29CGen6PixelShaderKernelProgram10InitializeEv+0x226
C  [AppleIntelHD5000GraphicsGLDriver+0x15f331]  _ZN3USC29CGen6PixelShaderKernelProgram6CreateEPKv12PLATFORM_STRRK29S3DKernelHardwareCapabilitiesPNS_12CPixelShaderENS_15OPTIMIZER_LEVELENS_10SIMD_LEVELEPKNS_37SGen6PixelShaderKernelProgramCacheKeyE+0x131
C  [AppleIntelHD5000GraphicsGLDriver+0x1e0ad]  _ZN3USC12CPixelShader7CompileENS_15OPTIMIZER_LEVELENS_10SIMD_LEVELERKNS_30SPixelShaderCompileTimeOptionsERKNS_24SPixelShaderDrawTimeDataERPNS_31SCompilerOutputPixelShader_Gen7E+0x241
C  [AppleIntelHD5000GraphicsGLDriver+0xfbaa0]  _ZN3USC24CompilePixelShaderOpenGLEPvNS_15OPTIMIZER_LEVELENS_10SIMD_LEVELEPKNS_36SCompilerInputStatePixelShaderOpenGLERPNS_39SCompilerOutputPixelShaderOpenGL_Gen7_5E+0x5b7
C  [AppleIntelHD5000GraphicsGLDriver+0x5804e]  ___ZN3USC9IM_Shader7CompileEPv14GFXCORE_FAMILYS1__block_invoke+0x5e
C  [libdispatch.dylib+0xd93d]  _dispatch_call_block_and_release+0xc
C  [libdispatch.dylib+0x240b]  _dispatch_client_callout+0x8
C  [libdispatch.dylib+0x629b]  _dispatch_root_queue_drain+0x762
C  [libdispatch.dylib+0x5b00]  _dispatch_worker_thread3+0x5b
C  [libsystem_pthread.dylib+0x34de]  _pthread_wqthread+0x469
C  [libsystem_pthread.dylib+0x1341]  start_wqthread+0xd


---------------  P R O C E S S  ---------------

VM state:not at safepoint (normal execution)

VM Mutex/Monitor currently owned by a thread: None

Heap:
 PSYoungGen      total 38400K, used 12756K [0x0000000795580000, 0x0000000798000000, 0x00000007c0000000)
  eden space 33280K, 26% used [0x0000000795580000,0x0000000795e045a8,0x0000000797600000)
  from space 5120K, 78% used [0x0000000797600000,0x00000007979f0ad0,0x0000000797b00000)
  to   space 5120K, 0% used [0x0000000797b00000,0x0000000797b00000,0x0000000798000000)
 ParOldGen       total 87552K, used 16K [0x0000000740000000, 0x0000000745580000, 0x0000000795580000)
  object space 87552K, 0% used [0x0000000740000000,0x0000000740004000,0x0000000745580000)
 Metaspace       used 14267K, capacity 15166K, committed 15360K, reserved 1062912K
  class space    used 2079K, capacity 2263K, committed 2304K, reserved 1048576K

Card table byte_map: [0x0000000112729000,0x0000000112b2a000] byte_map_base: 0x000000010ed29000

Marking Bits: (ParMarkBitMap*) 0x0000000102cc27a0
 Begin Bits: [0x0000000112dd5000, 0x0000000114dd5000)
 End Bits:   [0x0000000114dd5000, 0x0000000116dd5000)

Polling page: 0x0000000101b7f000

CodeCache: size=245760Kb used=4783Kb max_used=4798Kb free=240976Kb
 bounds [0x0000000103369000, 0x0000000103829000, 0x0000000112369000]
 total_blobs=2100 nmethods=1463 adapters=550
 compilation: enabled

Compilation events (10 events):
Event: 3.632 Thread 0x00007f816c81f000 nmethod 1446 0x0000000103809b10 code [0x0000000103809c60, 0x0000000103809d70]
Event: 3.632 Thread 0x00007f816c81f000 1447       1       com.sun.prism.impl.BaseTexture::getContentY (5 bytes)
Event: 3.632 Thread 0x00007f816c81f000 nmethod 1447 0x0000000103809850 code [0x00000001038099a0, 0x0000000103809ab0]
Event: 3.632 Thread 0x00007f816c81f000 1448       1       com.sun.prism.impl.BaseGraphics::getCameraNoClone (5 bytes)
Event: 3.632 Thread 0x00007f816c81f000 nmethod 1448 0x0000000103809590 code [0x00000001038096e0, 0x00000001038097f0]
Event: 3.632 Thread 0x00007f816c81f000 1449       1       com.sun.prism.impl.BaseGraphics::isState3D (5 bytes)
Event: 3.632 Thread 0x00007f816c81f000 nmethod 1449 0x00000001038092d0 code [0x0000000103809420, 0x0000000103809530]
Event: 3.632 Thread 0x00007f816c81f000 1450       1       com.sun.prism.impl.ps.BaseShaderContext$State::access$1300 (5 bytes)
Event: 3.632 Thread 0x00007f816c81f000 nmethod 1450 0x000000010380ad10 code [0x000000010380ae60, 0x000000010380af50]
Event: 3.635 Thread 0x00007f816c81f000 1451       3       com.sun.javafx.geom.transform.AffineBase::updateState2D (210 bytes)

GC Heap History (2 events):
Event: 1.279 GC heap before
{Heap before GC invocations=1 (full 0):
 PSYoungGen      total 38400K, used 30419K [0x0000000795580000, 0x0000000798000000, 0x00000007c0000000)
  eden space 33280K, 91% used [0x0000000795580000,0x0000000797334c30,0x0000000797600000)
  from space 5120K, 0% used [0x0000000797b00000,0x0000000797b00000,0x0000000798000000)
  to   space 5120K, 0% used [0x0000000797600000,0x0000000797600000,0x0000000797b00000)
 ParOldGen       total 87552K, used 0K [0x0000000740000000, 0x0000000745580000, 0x0000000795580000)
  object space 87552K, 0% used [0x0000000740000000,0x0000000740000000,0x0000000745580000)
 Metaspace       used 13145K, capacity 13882K, committed 14208K, reserved 1060864K
  class space    used 1909K, capacity 2105K, committed 2176K, reserved 1048576K
Event: 1.287 GC heap after
Heap after GC invocations=1 (full 0):
 PSYoungGen      total 38400K, used 4034K [0x0000000795580000, 0x0000000798000000, 0x00000007c0000000)
  eden space 33280K, 0% used [0x0000000795580000,0x0000000795580000,0x0000000797600000)
  from space 5120K, 78% used [0x0000000797600000,0x00000007979f0ad0,0x0000000797b00000)
  to   space 5120K, 0% used [0x0000000797b00000,0x0000000797b00000,0x0000000798000000)
 ParOldGen       total 87552K, used 16K [0x0000000740000000, 0x0000000745580000, 0x0000000795580000)
  object space 87552K, 0% used [0x0000000740000000,0x0000000740004000,0x0000000745580000)
 Metaspace       used 13145K, capacity 13882K, committed 14208K, reserved 1060864K
  class space    used 1909K, capacity 2105K, committed 2176K, reserved 1048576K
}

Deoptimization events (10 events):
Event: 0.836 Thread 0x00007f816c0da000 Uncommon trap: reason=class_check action=maybe_recompile pc=0x0000000103621804 method=java.io.DataInputStream.readShort()S @ 4
Event: 0.836 Thread 0x00007f816c0da000 Uncommon trap: reason=class_check action=maybe_recompile pc=0x0000000103621804 method=java.io.DataInputStream.readShort()S @ 4
Event: 0.842 Thread 0x00007f816c0da000 Uncommon trap: reason=class_check action=maybe_recompile pc=0x000000010349311c method=java.lang.String.equals(Ljava/lang/Object;)Z @ 8
Event: 0.842 Thread 0x00007f816c0da000 Uncommon trap: reason=class_check action=maybe_recompile pc=0x000000010349311c method=java.lang.String.equals(Ljava/lang/Object;)Z @ 8
Event: 0.842 Thread 0x00007f816c0da000 Uncommon trap: reason=class_check action=maybe_recompile pc=0x000000010349311c method=java.lang.String.equals(Ljava/lang/Object;)Z @ 8
Event: 0.844 Thread 0x00007f816c0da000 Uncommon trap: reason=class_check action=maybe_recompile pc=0x000000010349311c method=java.lang.String.equals(Ljava/lang/Object;)Z @ 8
Event: 0.849 Thread 0x00007f816c0da000 Uncommon trap: reason=unstable_if action=reinterpret pc=0x000000010362461c method=java.lang.String.replace(CC)Ljava/lang/String; @ 26
Event: 1.109 Thread 0x00007f816c0da000 Uncommon trap: reason=unstable_if action=reinterpret pc=0x0000000103590ce0 method=java.lang.CharacterData.of(I)Ljava/lang/CharacterData; @ 4
Event: 1.270 Thread 0x00007f816b095800 Uncommon trap: reason=unstable_if action=reinterpret pc=0x0000000103628ae0 method=sun.net.www.ParseUtil.encodePath(Ljava/lang/String;Z)Ljava/lang/String; @ 109
Event: 3.430 Thread 0x00007f816c0da000 Uncommon trap: reason=unstable_if action=reinterpret pc=0x00000001036501b4 method=jdk.internal.org.objectweb.asm.Type.getArgumentsAndReturnSizes(Ljava/lang/String;)I @ 47

Internal exceptions (10 events):
Event: 0.192 Thread 0x00007f816c802000 Exception <a 'java/lang/NoSuchFieldError': method resolution failed> (0x00000007958d2968) thrown at [/Users/java_re/workspace/8-2-build-macosx-x86_64/jdk8u51/3951/hotspot/src/share/vm/prims/methodHandles.cpp, line 1125]
Event: 0.209 Thread 0x00007f816c802000 Exception <a 'java/security/PrivilegedActionException'> (0x000000079595ed48) thrown at [/Users/java_re/workspace/8-2-build-macosx-x86_64/jdk8u51/3951/hotspot/src/share/vm/prims/jvm.cpp, line 1382]
Event: 0.209 Thread 0x00007f816c802000 Exception <a 'java/security/PrivilegedActionException'> (0x000000079595ef00) thrown at [/Users/java_re/workspace/8-2-build-macosx-x86_64/jdk8u51/3951/hotspot/src/share/vm/prims/jvm.cpp, line 1382]
Event: 0.210 Thread 0x00007f816c802000 Exception <a 'java/security/PrivilegedActionException'> (0x00000007959620f0) thrown at [/Users/java_re/workspace/8-2-build-macosx-x86_64/jdk8u51/3951/hotspot/src/share/vm/prims/jvm.cpp, line 1382]
Event: 0.210 Thread 0x00007f816c802000 Exception <a 'java/security/PrivilegedActionException'> (0x00000007959622a8) thrown at [/Users/java_re/workspace/8-2-build-macosx-x86_64/jdk8u51/3951/hotspot/src/share/vm/prims/jvm.cpp, line 1382]
Event: 0.210 Thread 0x00007f816c802000 Exception <a 'java/lang/NullPointerException'> (0x0000000795963bc8) thrown at [/Users/java_re/workspace/8-2-build-macosx-x86_64/jdk8u51/3951/hotspot/src/share/vm/interpreter/linkResolver.cpp, line 1178]
Event: 0.496 Thread 0x00007f816c0da000 Exception <a 'java/lang/NullPointerException'> (0x000000079625bde0) thrown at [/Users/java_re/workspace/8-2-build-macosx-x86_64/jdk8u51/3951/hotspot/src/share/vm/interpreter/linkResolver.cpp, line 1178]
Event: 0.496 Thread 0x00007f816c0da000 Exception <a 'java/lang/NullPointerException'> (0x000000079625bde0) thrown at [/Users/java_re/workspace/8-2-build-macosx-x86_64/jdk8u51/3951/hotspot/src/share/vm/prims/jvm.cpp, line 1386]
Event: 0.592 Thread 0x00007f816c0da000 Exception <a 'java/io/FileNotFoundException'> (0x00000007965f0b78) thrown at [/Users/java_re/workspace/8-2-build-macosx-x86_64/jdk8u51/3951/hotspot/src/share/vm/prims/jni.cpp, line 709]
Event: 0.592 Thread 0x00007f816c0da000 Exception <a 'java/io/FileNotFoundException'> (0x00000007965f1ef0) thrown at [/Users/java_re/workspace/8-2-build-macosx-x86_64/jdk8u51/3951/hotspot/src/share/vm/prims/jni.cpp, line 709]

Events (10 events):
Event: 3.606 loading class com/sun/scenario/effect/impl/state/LinearConvolveRenderState$PassType
Event: 3.606 loading class com/sun/scenario/effect/impl/state/LinearConvolveRenderState$PassType done
Event: 3.606 loading class com/sun/scenario/effect/impl/prism/ps/PPSLinearConvolveShadowPeer
Event: 3.606 loading class com/sun/scenario/effect/impl/prism/ps/PPSLinearConvolveShadowPeer done
Event: 3.606 loading class com/sun/scenario/effect/impl/prism/ps/PPSOneSamplerPeer
Event: 3.606 loading class com/sun/scenario/effect/impl/prism/ps/PPSOneSamplerPeer done
Event: 3.606 loading class com/sun/scenario/effect/impl/prism/ps/PPSEffectPeer
Event: 3.606 loading class com/sun/scenario/effect/impl/prism/ps/PPSEffectPeer done
Event: 3.619 loading class com/sun/scenario/effect/impl/BufferUtil
Event: 3.619 loading class com/sun/scenario/effect/impl/BufferUtil done


Dynamic libraries:
0x0000000001c4b000 	/System/Library/Frameworks/Cocoa.framework/Versions/A/Cocoa
0x0000000001c4b000 	/System/Library/Frameworks/Security.framework/Versions/A/Security
0x0000000001c4b000 	/System/Library/Frameworks/ApplicationServices.framework/Versions/A/ApplicationServices
0x0000000001c4b000 	/usr/lib/libz.1.dylib
0x0000000001c4b000 	/usr/lib/libSystem.B.dylib
0x0000000001c4b000 	/usr/lib/libobjc.A.dylib
0x0000000001c4b000 	/System/Library/Frameworks/CoreFoundation.framework/Versions/A/CoreFoundation
0x0000000001c4b000 	/System/Library/Frameworks/Foundation.framework/Versions/C/Foundation
0x0000000001c4b000 	/System/Library/Frameworks/AppKit.framework/Versions/C/AppKit
0x0000000001c4b000 	/System/Library/Frameworks/CoreData.framework/Versions/A/CoreData
0x0000000001c4b000 	/System/Library/PrivateFrameworks/RemoteViewServices.framework/Versions/A/RemoteViewServices
0x0000000001c4b000 	/System/Library/PrivateFrameworks/UIFoundation.framework/Versions/A/UIFoundation
0x0000000001c4b000 	/usr/lib/libScreenReader.dylib
0x0000000001c4b000 	/System/Library/Frameworks/Accelerate.framework/Versions/A/Accelerate
0x0000000001c4b000 	/System/Library/Frameworks/IOSurface.framework/Versions/A/IOSurface
0x0000000001c4b000 	/System/Library/Frameworks/AudioToolbox.framework/Versions/A/AudioToolbox
0x0000000001c4b000 	/System/Library/Frameworks/AudioUnit.framework/Versions/A/AudioUnit
0x0000000001c4b000 	/System/Library/PrivateFrameworks/DataDetectorsCore.framework/Versions/A/DataDetectorsCore
0x0000000001c4b000 	/System/Library/PrivateFrameworks/DesktopServicesPriv.framework/Versions/A/DesktopServicesPriv
0x0000000001c4b000 	/System/Library/Frameworks/Carbon.framework/Versions/A/Frameworks/HIToolbox.framework/Versions/A/HIToolbox
0x0000000001c4b000 	/System/Library/Frameworks/QuartzCore.framework/Versions/A/QuartzCore
0x0000000001c4b000 	/System/Library/Frameworks/Carbon.framework/Versions/A/Frameworks/SpeechRecognition.framework/Versions/A/SpeechRecognition
0x0000000001c4b000 	/usr/lib/libauto.dylib
0x0000000001c4b000 	/usr/lib/libicucore.A.dylib
0x0000000001c4b000 	/usr/lib/libxml2.2.dylib
0x0000000001c4b000 	/System/Library/PrivateFrameworks/CoreUI.framework/Versions/A/CoreUI
0x0000000001c4b000 	/System/Library/Frameworks/CoreAudio.framework/Versions/A/CoreAudio
0x0000000001c4b000 	/System/Library/Frameworks/DiskArbitration.framework/Versions/A/DiskArbitration
0x0000000001c4b000 	/usr/lib/liblangid.dylib
0x0000000001c4b000 	/System/Library/PrivateFrameworks/MultitouchSupport.framework/Versions/A/MultitouchSupport
0x0000000001c4b000 	/System/Library/Frameworks/IOKit.framework/Versions/A/IOKit
0x0000000001c4b000 	/usr/lib/libDiagnosticMessagesClient.dylib
0x0000000001c4b000 	/System/Library/Frameworks/CoreServices.framework/Versions/A/CoreServices
0x0000000001c4b000 	/System/Library/PrivateFrameworks/PerformanceAnalysis.framework/Versions/A/PerformanceAnalysis
0x0000000001c4b000 	/System/Library/PrivateFrameworks/GenerationalStorage.framework/Versions/A/GenerationalStorage
0x0000000001c4b000 	/System/Library/Frameworks/OpenGL.framework/Versions/A/OpenGL
0x0000000001c4b000 	/System/Library/PrivateFrameworks/Sharing.framework/Versions/A/Sharing
0x0000000001c4b000 	/System/Library/Frameworks/CoreGraphics.framework/Versions/A/CoreGraphics
0x0000000001c4b000 	/System/Library/Frameworks/CoreImage.framework/Versions/A/CoreImage
0x0000000001c4b000 	/System/Library/Frameworks/CoreText.framework/Versions/A/CoreText
0x0000000001c4b000 	/System/Library/Frameworks/ImageIO.framework/Versions/A/ImageIO
0x0000000001c4b000 	/System/Library/PrivateFrameworks/Backup.framework/Versions/A/Backup
0x0000000001c4b000 	/usr/lib/libextension.dylib
0x0000000001c4b000 	/usr/lib/libarchive.2.dylib
0x0000000001c4b000 	/System/Library/Frameworks/CFNetwork.framework/Versions/A/CFNetwork
0x0000000001c4b000 	/System/Library/Frameworks/SystemConfiguration.framework/Versions/A/SystemConfiguration
0x0000000001c4b000 	/usr/lib/libCRFSuite.dylib
0x0000000001c4b000 	/usr/lib/libc++.1.dylib
0x0000000001c4b000 	/usr/lib/libc++abi.dylib
0x0000000001c4b000 	/usr/lib/system/libcache.dylib
0x0000000001c4b000 	/usr/lib/system/libcommonCrypto.dylib
0x0000000001c4b000 	/usr/lib/system/libcompiler_rt.dylib
0x0000000001c4b000 	/usr/lib/system/libcopyfile.dylib
0x0000000001c4b000 	/usr/lib/system/libcorecrypto.dylib
0x0000000001c4b000 	/usr/lib/system/libdispatch.dylib
0x0000000001c4b000 	/usr/lib/system/libdyld.dylib
0x0000000001c4b000 	/usr/lib/system/libkeymgr.dylib
0x0000000001c4b000 	/usr/lib/system/liblaunch.dylib
0x0000000001c4b000 	/usr/lib/system/libmacho.dylib
0x0000000001c4b000 	/usr/lib/system/libquarantine.dylib
0x0000000001c4b000 	/usr/lib/system/libremovefile.dylib
0x0000000001c4b000 	/usr/lib/system/libsystem_asl.dylib
0x0000000001c4b000 	/usr/lib/system/libsystem_blocks.dylib
0x0000000001c4b000 	/usr/lib/system/libsystem_c.dylib
0x0000000001c4b000 	/usr/lib/system/libsystem_configuration.dylib
0x0000000001c4b000 	/usr/lib/system/libsystem_coreservices.dylib
0x0000000001c4b000 	/usr/lib/system/libsystem_coretls.dylib
0x0000000001c4b000 	/usr/lib/system/libsystem_dnssd.dylib
0x0000000001c4b000 	/usr/lib/system/libsystem_info.dylib
0x0000000001c4b000 	/usr/lib/system/libsystem_kernel.dylib
0x0000000001c4b000 	/usr/lib/system/libsystem_m.dylib
0x0000000001c4b000 	/usr/lib/system/libsystem_malloc.dylib
0x0000000001c4b000 	/usr/lib/system/libsystem_network.dylib
0x0000000001c4b000 	/usr/lib/system/libsystem_networkextension.dylib
0x0000000001c4b000 	/usr/lib/system/libsystem_notify.dylib
0x0000000001c4b000 	/usr/lib/system/libsystem_platform.dylib
0x0000000001c4b000 	/usr/lib/system/libsystem_pthread.dylib
0x0000000001c4b000 	/usr/lib/system/libsystem_sandbox.dylib
0x0000000001c4b000 	/usr/lib/system/libsystem_secinit.dylib
0x0000000001c4b000 	/usr/lib/system/libsystem_trace.dylib
0x0000000001c4b000 	/usr/lib/system/libunc.dylib
0x0000000001c4b000 	/usr/lib/system/libunwind.dylib
0x0000000001c4b000 	/usr/lib/system/libxpc.dylib
0x0000000001c4b000 	/usr/lib/libenergytrace.dylib
0x0000000001c4b000 	/usr/lib/libbsm.0.dylib
0x0000000001c4b000 	/usr/lib/system/libkxld.dylib
0x0000000001c4b000 	/usr/lib/libxar.1.dylib
0x0000000001c4b000 	/usr/lib/libsqlite3.dylib
0x0000000001c4b000 	/usr/lib/libpam.2.dylib
0x0000000001c4b000 	/usr/lib/libOpenScriptingUtil.dylib
0x0000000001c4b000 	/usr/lib/libbz2.1.0.dylib
0x0000000001c4b000 	/usr/lib/liblzma.5.dylib
0x0000000001c4b000 	/System/Library/Frameworks/CoreServices.framework/Versions/A/Frameworks/FSEvents.framework/Versions/A/FSEvents
0x0000000001c4b000 	/System/Library/Frameworks/CoreServices.framework/Versions/A/Frameworks/CarbonCore.framework/Versions/A/CarbonCore
0x0000000001c4b000 	/System/Library/Frameworks/CoreServices.framework/Versions/A/Frameworks/Metadata.framework/Versions/A/Metadata
0x0000000001c4b000 	/System/Library/Frameworks/CoreServices.framework/Versions/A/Frameworks/OSServices.framework/Versions/A/OSServices
0x0000000001c4b000 	/System/Library/Frameworks/CoreServices.framework/Versions/A/Frameworks/SearchKit.framework/Versions/A/SearchKit
0x0000000001c4b000 	/System/Library/Frameworks/CoreServices.framework/Versions/A/Frameworks/AE.framework/Versions/A/AE
0x0000000001c4b000 	/System/Library/Frameworks/CoreServices.framework/Versions/A/Frameworks/LaunchServices.framework/Versions/A/LaunchServices
0x0000000001c4b000 	/System/Library/Frameworks/CoreServices.framework/Versions/A/Frameworks/DictionaryServices.framework/Versions/A/DictionaryServices
0x0000000001c4b000 	/System/Library/Frameworks/CoreServices.framework/Versions/A/Frameworks/SharedFileList.framework/Versions/A/SharedFileList
0x0000000001c4b000 	/System/Library/Frameworks/NetFS.framework/Versions/A/NetFS
0x0000000001c4b000 	/System/Library/PrivateFrameworks/NetAuth.framework/Versions/A/NetAuth
0x0000000001c4b000 	/System/Library/PrivateFrameworks/login.framework/Versions/A/Frameworks/loginsupport.framework/Versions/A/loginsupport
0x0000000001c4b000 	/System/Library/PrivateFrameworks/TCC.framework/Versions/A/TCC
0x0000000001c4b000 	/usr/lib/libmecabra.dylib
0x0000000001c4b000 	/System/Library/Frameworks/ApplicationServices.framework/Versions/A/Frameworks/ATS.framework/Versions/A/ATS
0x0000000001c4b000 	/System/Library/Frameworks/ApplicationServices.framework/Versions/A/Frameworks/ColorSync.framework/Versions/A/ColorSync
0x0000000001c4b000 	/System/Library/Frameworks/ApplicationServices.framework/Versions/A/Frameworks/HIServices.framework/Versions/A/HIServices
0x0000000001c4b000 	/System/Library/Frameworks/ApplicationServices.framework/Versions/A/Frameworks/LangAnalysis.framework/Versions/A/LangAnalysis
0x0000000001c4b000 	/System/Library/Frameworks/ApplicationServices.framework/Versions/A/Frameworks/PrintCore.framework/Versions/A/PrintCore
0x0000000001c4b000 	/System/Library/Frameworks/ApplicationServices.framework/Versions/A/Frameworks/QD.framework/Versions/A/QD
0x0000000001c4b000 	/System/Library/Frameworks/ApplicationServices.framework/Versions/A/Frameworks/SpeechSynthesis.framework/Versions/A/SpeechSynthesis
0x0000000001c4b000 	/System/Library/Frameworks/Metal.framework/Versions/A/Metal
0x0000000001c4b000 	/System/Library/Frameworks/Accelerate.framework/Versions/A/Frameworks/vImage.framework/Versions/A/vImage
0x0000000001c4b000 	/System/Library/Frameworks/Accelerate.framework/Versions/A/Frameworks/vecLib.framework/Versions/A/vecLib
0x0000000001c4b000 	/System/Library/Frameworks/Accelerate.framework/Versions/A/Frameworks/vecLib.framework/Versions/A/libvDSP.dylib
0x0000000001c4b000 	/System/Library/Frameworks/Accelerate.framework/Versions/A/Frameworks/vecLib.framework/Versions/A/libvMisc.dylib
0x0000000001c4b000 	/System/Library/Frameworks/Accelerate.framework/Versions/A/Frameworks/vecLib.framework/Versions/A/libLAPACK.dylib
0x0000000001c4b000 	/System/Library/Frameworks/Accelerate.framework/Versions/A/Frameworks/vecLib.framework/Versions/A/libBLAS.dylib
0x0000000001c4b000 	/System/Library/Frameworks/Accelerate.framework/Versions/A/Frameworks/vecLib.framework/Versions/A/libLinearAlgebra.dylib
0x0000000001c4b000 	/System/Library/Frameworks/Accelerate.framework/Versions/A/Frameworks/vecLib.framework/Versions/A/libSparseBLAS.dylib
0x0000000001c4b000 	/System/Library/PrivateFrameworks/GPUCompiler.framework/libmetal_timestamp.dylib
0x0000000001c4b000 	/System/Library/Frameworks/OpenGL.framework/Versions/A/Libraries/libCoreFSCache.dylib
0x0000000001c4b000 	/System/Library/PrivateFrameworks/IOAccelerator.framework/Versions/A/IOAccelerator
0x0000000001c4b000 	/System/Library/Frameworks/ApplicationServices.framework/Versions/A/Frameworks/ATS.framework/Versions/A/Resources/libFontParser.dylib
0x0000000001c4b000 	/System/Library/Frameworks/ApplicationServices.framework/Versions/A/Frameworks/ATS.framework/Versions/A/Resources/libFontRegistry.dylib
0x0000000001c4b000 	/System/Library/PrivateFrameworks/AppleVPA.framework/Versions/A/AppleVPA
0x0000000001c4b000 	/System/Library/PrivateFrameworks/AppleJPEG.framework/Versions/A/AppleJPEG
0x0000000001c4b000 	/System/Library/Frameworks/ImageIO.framework/Versions/A/Resources/libJPEG.dylib
0x0000000001c4b000 	/System/Library/Frameworks/ImageIO.framework/Versions/A/Resources/libTIFF.dylib
0x0000000001c4b000 	/System/Library/Frameworks/ImageIO.framework/Versions/A/Resources/libPng.dylib
0x0000000001c4b000 	/System/Library/Frameworks/ImageIO.framework/Versions/A/Resources/libGIF.dylib
0x0000000001c4b000 	/System/Library/Frameworks/ImageIO.framework/Versions/A/Resources/libJP2.dylib
0x0000000001c4b000 	/System/Library/Frameworks/ImageIO.framework/Versions/A/Resources/libRadiance.dylib
0x0000000001c4b000 	/System/Library/Frameworks/CoreVideo.framework/Versions/A/CoreVideo
0x0000000001c4b000 	/System/Library/Frameworks/OpenGL.framework/Versions/A/Libraries/libGLU.dylib
0x0000000001c4b000 	/System/Library/Frameworks/OpenGL.framework/Versions/A/Libraries/libGFXShared.dylib
0x0000000001c4b000 	/System/Library/Frameworks/OpenGL.framework/Versions/A/Libraries/libGL.dylib
0x0000000001c4b000 	/System/Library/Frameworks/OpenGL.framework/Versions/A/Libraries/libGLImage.dylib
0x0000000001c4b000 	/System/Library/Frameworks/OpenGL.framework/Versions/A/Libraries/libCVMSPluginSupport.dylib
0x0000000001c4b000 	/System/Library/Frameworks/OpenGL.framework/Versions/A/Libraries/libCoreVMClient.dylib
0x0000000001c4b000 	/usr/lib/libcups.2.dylib
0x0000000001c4b000 	/System/Library/Frameworks/Kerberos.framework/Versions/A/Kerberos
0x0000000001c4b000 	/System/Library/Frameworks/GSS.framework/Versions/A/GSS
0x0000000001c4b000 	/usr/lib/libresolv.9.dylib
0x0000000001c4b000 	/usr/lib/libiconv.2.dylib
0x0000000001c4b000 	/System/Library/PrivateFrameworks/Heimdal.framework/Versions/A/Heimdal
0x0000000001c4b000 	/usr/lib/libheimdal-asn1.dylib
0x0000000001c4b000 	/System/Library/Frameworks/OpenDirectory.framework/Versions/A/OpenDirectory
0x0000000001c4b000 	/System/Library/PrivateFrameworks/CommonAuth.framework/Versions/A/CommonAuth
0x0000000001c4b000 	/System/Library/Frameworks/OpenDirectory.framework/Versions/A/Frameworks/CFOpenDirectory.framework/Versions/A/CFOpenDirectory
0x0000000001c4b000 	/System/Library/Frameworks/SecurityFoundation.framework/Versions/A/SecurityFoundation
0x0000000001c4b000 	/System/Library/PrivateFrameworks/LanguageModeling.framework/Versions/A/LanguageModeling
0x0000000001c4b000 	/usr/lib/libmarisa.dylib
0x0000000001c4b000 	/usr/lib/libChineseTokenizer.dylib
0x0000000001c4b000 	/usr/lib/libcmph.dylib
0x0000000001c4b000 	/usr/lib/libcompression.dylib
0x0000000001c4b000 	/System/Library/Frameworks/ServiceManagement.framework/Versions/A/ServiceManagement
0x0000000001c4b000 	/usr/lib/libxslt.1.dylib
0x0000000001c4b000 	/System/Library/Frameworks/Carbon.framework/Versions/A/Frameworks/Ink.framework/Versions/A/Ink
0x0000000001c4b000 	/usr/lib/libFosl_dynamic.dylib
0x0000000001c4b000 	/System/Library/PrivateFrameworks/FaceCore.framework/Versions/A/FaceCore
0x0000000001c4b000 	/System/Library/Frameworks/OpenCL.framework/Versions/A/OpenCL
0x0000000001c4b000 	/System/Library/PrivateFrameworks/CrashReporterSupport.framework/Versions/A/CrashReporterSupport
0x0000000001c4b000 	/System/Library/PrivateFrameworks/IconServices.framework/Versions/A/IconServices
0x0000000001c4b000 	/System/Library/PrivateFrameworks/Apple80211.framework/Versions/A/Apple80211
0x0000000001c4b000 	/System/Library/Frameworks/CoreWLAN.framework/Versions/A/CoreWLAN
0x0000000001c4b000 	/System/Library/Frameworks/IOBluetooth.framework/Versions/A/IOBluetooth
0x0000000001c4b000 	/System/Library/PrivateFrameworks/CoreWiFi.framework/Versions/A/CoreWiFi
0x0000000001c4b000 	/System/Library/Frameworks/CoreBluetooth.framework/Versions/A/CoreBluetooth
0x0000000001c4b000 	/System/Library/PrivateFrameworks/ChunkingLibrary.framework/Versions/A/ChunkingLibrary
0x0000000001c4b000 	/System/Library/PrivateFrameworks/DebugSymbols.framework/Versions/A/DebugSymbols
0x0000000001c4b000 	/System/Library/PrivateFrameworks/CoreSymbolication.framework/Versions/A/CoreSymbolication
0x0000000001c4b000 	/System/Library/PrivateFrameworks/Symbolication.framework/Versions/A/Symbolication
0x0000000001c4b000 	/System/Library/PrivateFrameworks/SpeechRecognitionCore.framework/Versions/A/SpeechRecognitionCore
0x0000000102400000 	/Library/Java/JavaVirtualMachines/jdk1.8.0_51.jdk/Contents/Home/jre/lib/server/libjvm.dylib
0x0000000001c4b000 	/usr/lib/libstdc++.6.dylib
0x0000000101b3c000 	/Library/Java/JavaVirtualMachines/jdk1.8.0_51.jdk/Contents/Home/jre/lib/libverify.dylib
0x0000000101b4a000 	/Library/Java/JavaVirtualMachines/jdk1.8.0_51.jdk/Contents/Home/jre/lib/libjava.dylib
0x0000000101b89000 	/Library/Java/JavaVirtualMachines/jdk1.8.0_51.jdk/Contents/Home/jre/lib/libzip.dylib
0x0000000101be3000 	/System/Library/Frameworks/JavaVM.framework/Frameworks/JavaRuntimeSupport.framework/JavaRuntimeSupport
0x0000000118c7c000 	/System/Library/Frameworks/JavaVM.framework/Versions/A/Frameworks/JavaNativeFoundation.framework/Versions/A/JavaNativeFoundation
0x0000000118c91000 	/System/Library/Frameworks/JavaVM.framework/Versions/A/JavaVM
0x0000000001c4b000 	/System/Library/Frameworks/Carbon.framework/Versions/A/Carbon
0x0000000118c9e000 	/System/Library/PrivateFrameworks/JavaLaunching.framework/Versions/A/JavaLaunching
0x0000000001c4b000 	/System/Library/Frameworks/Carbon.framework/Versions/A/Frameworks/CommonPanels.framework/Versions/A/CommonPanels
0x0000000001c4b000 	/System/Library/Frameworks/Carbon.framework/Versions/A/Frameworks/Help.framework/Versions/A/Help
0x0000000001c4b000 	/System/Library/Frameworks/Carbon.framework/Versions/A/Frameworks/ImageCapture.framework/Versions/A/ImageCapture
0x0000000001c4b000 	/System/Library/Frameworks/Carbon.framework/Versions/A/Frameworks/OpenScripting.framework/Versions/A/OpenScripting
0x0000000001c4b000 	/System/Library/Frameworks/Carbon.framework/Versions/A/Frameworks/Print.framework/Versions/A/Print
0x0000000001c4b000 	/System/Library/Frameworks/Carbon.framework/Versions/A/Frameworks/SecurityHI.framework/Versions/A/SecurityHI
0x000000011a690000 	/Library/Java/JavaVirtualMachines/jdk1.8.0_51.jdk/Contents/Home/jre/lib/libprism_es2.dylib
0x0000000001c4b000 	/System/Library/Frameworks/OpenGL.framework/Versions/A/Resources/GLEngine.bundle/GLEngine
0x0000000001c4b000 	/System/Library/Frameworks/OpenGL.framework/Versions/A/Libraries/libGLProgrammability.dylib
0x000000011a712000 	/System/Library/Extensions/AppleIntelHD5000GraphicsGLDriver.bundle/Contents/MacOS/AppleIntelHD5000GraphicsGLDriver
0x0000000001c4b000 	/System/Library/PrivateFrameworks/GPUSupport.framework/Versions/A/Libraries/libGPUSupportMercury.dylib
0x0000000001c4b000 	/System/Library/Frameworks/OpenGL.framework/Versions/A/Resources/GLRendererFloat.bundle/GLRendererFloat
0x0000000001c4b000 	/System/Library/Frameworks/OpenCL.framework/Versions/A/Libraries/libcldcpuengine.dylib
0x0000000001c4b000 	/System/Library/PrivateFrameworks/DiskImages.framework/Versions/A/DiskImages
0x0000000001c4b000 	/System/Library/Frameworks/DiscRecording.framework/Versions/A/DiscRecording
0x0000000001c4b000 	/usr/lib/libcsfde.dylib
0x0000000001c4b000 	/usr/lib/libcurl.4.dylib
0x0000000001c4b000 	/System/Library/PrivateFrameworks/MediaKit.framework/Versions/A/MediaKit
0x0000000001c4b000 	/System/Library/PrivateFrameworks/ProtectedCloudStorage.framework/Versions/A/ProtectedCloudStorage
0x0000000001c4b000 	/usr/lib/libCoreStorage.dylib
0x0000000001c4b000 	/System/Library/PrivateFrameworks/EFILogin.framework/Versions/A/EFILogin
0x0000000001c4b000 	/usr/lib/libutil.dylib
0x0000000001c4b000 	/System/Library/PrivateFrameworks/FindMyDevice.framework/Versions/A/FindMyDevice
0x0000000001c4b000 	/System/Library/Frameworks/LDAP.framework/Versions/A/LDAP
0x0000000001c4b000 	/usr/lib/libsasl2.2.dylib
0x0000000001c4b000 	/System/Library/PrivateFrameworks/CoreDaemon.framework/Versions/B/CoreDaemon
0x0000000001c4b000 	/usr/lib/libcrypto.0.9.8.dylib
0x0000000001c4b000 	/System/Library/PrivateFrameworks/AppleSRP.framework/Versions/A/AppleSRP
0x0000000001c4b000 	/System/Library/PrivateFrameworks/TrustEvaluationAgent.framework/Versions/A/TrustEvaluationAgent
0x000000011b294000 	/Library/Java/JavaVirtualMachines/jdk1.8.0_51.jdk/Contents/Home/jre/lib/libglass.dylib
0x0000000001c4b000 	/System/Library/PrivateFrameworks/CoreServicesInternal.framework/Versions/A/CoreServicesInternal
0x0000000001c4b000 	/System/Library/CoreServices/RawCamera.bundle/Contents/MacOS/RawCamera
0x0000000001c4b000 	/System/Library/Frameworks/CoreGraphics.framework/Versions/A/Resources/libRIP.A.dylib
0x0000000001c4b000 	/System/Library/Frameworks/Accelerate.framework/Versions/A/Frameworks/vImage.framework/Versions/A/Libraries/libCGInterfaces.dylib
0x0000000001c4b000 	/System/Library/PrivateFrameworks/FamilyControls.framework/Versions/A/FamilyControls
0x0000000001c4b000 	/System/Library/PrivateFrameworks/CommerceKit.framework/Versions/A/Frameworks/CommerceCore.framework/Versions/A/CommerceCore
0x0000000001c4b000 	/System/Library/PrivateFrameworks/SystemAdministration.framework/Versions/A/SystemAdministration
0x0000000001c4b000 	/System/Library/PrivateFrameworks/AppContainer.framework/Versions/A/AppContainer
0x0000000001c4b000 	/System/Library/PrivateFrameworks/SecCodeWrapper.framework/Versions/A/SecCodeWrapper
0x0000000001c4b000 	/System/Library/Frameworks/DirectoryService.framework/Versions/A/DirectoryService
0x0000000001c4b000 	/System/Library/PrivateFrameworks/LoginUIKit.framework/Versions/A/Frameworks/LoginUICore.framework/Versions/A/LoginUICore
0x0000000001c4b000 	/usr/lib/libodfde.dylib
0x000000011e357000 	/Library/Java/JavaVirtualMachines/jdk1.8.0_51.jdk/Contents/Home/jre/lib/libjavafx_font.dylib
0x0000000001c4b000 	/System/Library/Frameworks/CoreGraphics.framework/Versions/A/Resources/libCGXType.A.dylib
0x000000012294a000 	cl_kernels
0x0000000001c4b000 	/System/Library/Frameworks/OpenCL.framework/Versions/A/Libraries/ImageFormats/unorm8_bgra.dylib
0x0000000001c4b000 	/System/Library/Frameworks/OpenCL.framework/Versions/A/Libraries/ImageFormats/unorm8_rgba.dylib
0x0000000123d1e000 	/Library/Java/JavaVirtualMachines/jdk1.8.0_51.jdk/Contents/Home/jre/lib/libprism_common.dylib
0x0000000126663000 	/System/Library/Extensions/AppleIntelHD5000GraphicsMTLDriver.bundle/Contents/MacOS/AppleIntelHD5000GraphicsMTLDriver

VM Arguments:
jvm_args: -Dfile.encoding=UTF-8 
java_command: CustomApp.CustomApp
java_class_path (initial): /Users/andrewrottier/Documents/Software Projects/SoftSoft/SoftSoft/bin:/Users/andrewrottier/Documents/Software Projects/SoftSoft/json.jar
Launcher Type: SUN_STANDARD

Environment Variables:
PATH=/usr/bin:/bin:/usr/sbin:/sbin
SHELL=/bin/bash

Signal Handlers:
SIGSEGV: [libjvm.dylib+0x58ef35], sa_mask[0]=11111111011111110111111111111111, sa_flags=SA_ONSTACK|SA_RESTART|SA_SIGINFO
SIGBUS: [libjvm.dylib+0x58ef35], sa_mask[0]=11111111011111110111111111111111, sa_flags=SA_RESTART|SA_SIGINFO
SIGFPE: [libjvm.dylib+0x46c028], sa_mask[0]=11111111011111110111111111111111, sa_flags=SA_RESTART|SA_SIGINFO
SIGPIPE: [libjvm.dylib+0x46c028], sa_mask[0]=11111111011111110111111111111111, sa_flags=SA_RESTART|SA_SIGINFO
SIGXFSZ: [libjvm.dylib+0x46c028], sa_mask[0]=11111111011111110111111111111111, sa_flags=SA_RESTART|SA_SIGINFO
SIGILL: [libjvm.dylib+0x46c028], sa_mask[0]=11111111011111110111111111111111, sa_flags=SA_RESTART|SA_SIGINFO
SIGUSR1: SIG_DFL, sa_mask[0]=00000000000000000000000000000000, sa_flags=none
SIGUSR2: [libjvm.dylib+0x46bb46], sa_mask[0]=00100000000000000000000000000000, sa_flags=SA_RESTART|SA_SIGINFO
SIGHUP: [libjvm.dylib+0x46a119], sa_mask[0]=11111111011111110111111111111111, sa_flags=SA_RESTART|SA_SIGINFO
SIGINT: [libjvm.dylib+0x46a119], sa_mask[0]=11111111011111110111111111111111, sa_flags=SA_RESTART|SA_SIGINFO
SIGTERM: [libjvm.dylib+0x46a119], sa_mask[0]=11111111011111110111111111111111, sa_flags=SA_RESTART|SA_SIGINFO
SIGQUIT: [libjvm.dylib+0x46a119], sa_mask[0]=11111111011111110111111111111111, sa_flags=SA_RESTART|SA_SIGINFO


---------------  S Y S T E M  ---------------

OS:Bsduname:Darwin 15.4.0 Darwin Kernel Version 15.4.0: Fri Feb 26 22:08:05 PST 2016; root:xnu-3248.40.184~3/RELEASE_X86_64 x86_64
rlimit: STACK 8192k, CORE 0k, NPROC 709, NOFILE 10240, AS infinity
load average:1.78 1.90 1.92

CPU:total 4 (2 cores per cpu, 2 threads per core) family 6 model 69 stepping 1, cmov, cx8, fxsr, mmx, sse, sse2, sse3, ssse3, sse4.1, sse4.2, popcnt, avx, avx2, aes, clmul, erms, lzcnt, ht, tsc, tscinvbit, bmi1, bmi2

Memory: 4k page, physical 8388608k(337820k free)

/proc/meminfo:


vm_info: Java HotSpot(TM) 64-Bit Server VM (25.51-b03) for bsd-amd64 JRE (1.8.0_51-b16), built on Jun  8 2015 18:01:11 by "java_re" with gcc 4.2.1 (Based on Apple Inc. build 5658) (LLVM build 2336.11.00)

time: Thu Jun 16 18:13:23 2016
elapsed time: 3 seconds (0d 0h 0m 3s)

